I, [2019-01-02T22:31:06.011784 #28698]  INFO -- Kitchen: -----> Starting Kitchen (v1.24.0)
I, [2019-01-02T22:31:06.106758 #28698]  INFO -- Kitchen: -----> Creating <nitrogen-centos>...
I, [2019-01-02T22:32:44.222496 #28698]  INFO -- Kitchen: -----> Creating <carbon-centos>...
E, [2019-01-02T22:33:41.399134 #28698] ERROR -- Kitchen: ------Exception-------
E, [2019-01-02T22:33:41.399162 #28698] ERROR -- Kitchen: Class: Kitchen::ActionFailed
E, [2019-01-02T22:33:41.399173 #28698] ERROR -- Kitchen: Message: 2 actions failed.
>>>>>>     Failed to complete #create action: [Expected process to exit with [0], but received '1'
---- Begin output of docker -H unix:///var/run/docker.sock build -f Dockerfile-kitchen20190102-28698-t3afgm . ----
STDOUT: Sending build context to Docker daemon  87.04kB
Step 1/16 : FROM centos
latest: Pulling from library/centos
a02a4930cb5d: Pulling fs layer
a02a4930cb5d: Verifying Checksum
a02a4930cb5d: Download complete
a02a4930cb5d: Pull complete
Digest: sha256:184e5f35598e333bfa7de10d8fb1cebb5ee4df5bc0f970bf2b1e7c7345136426
Status: Downloaded newer image for centos:latest
 ---> 1e1148e4cc2c
Step 2/16 : ENV container docker
 ---> Running in b2ba03ce6f72
Removing intermediate container b2ba03ce6f72
 ---> 556ae5bd518c
Step 3/16 : RUN yum clean all
 ---> Running in e505ed14c3f6
Loaded plugins: fastestmirror, ovl
Cleaning repos: base extras updates
Removing intermediate container e505ed14c3f6
 ---> a9893dc37f4a
Step 4/16 : RUN yum install -y sudo openssh-server openssh-clients which curl
 ---> Running in a9b15d639cea
Loaded plugins: fastestmirror, ovl
Determining fastest mirrors
[91m

 One of the configured repositories failed (Unknown),
 and yum doesn't have enough cached data to continue. At this point the only
 safe thing yum can do is fail. There are a few ways to work "fix" this:

     1. Contact the upstream for the repository and get them to fix the problem.

     2. Reconfigure the baseurl/etc. for the repository, to point to a working
        upstream. This is most often useful if you are using a newer
        distribution release than is supported by the repository (and the
        packages for the previous distribution release still work).

     3. Run the command with the repository temporarily disabled
            yum --disablerepo=<repoid> ...

     4. Disable the repository permanently, so yum won't use it by default. Yum
        will then just ignore the repository until you permanently enable it
        again or use --enablerepo for temporary usage:

            yum-config-manager --disable <repoid>
        or
            subscription-manager repos --disable=<repoid>

     5. Configure the failing repository to be skipped, if it is unavailable.
        Note that yum will try to contact the repo. when it runs most commands,
        so will have to try and fail each time (and thus. yum will be be much
        slower). If it is a very temporary problem though, this is often a nice
        compromise:

            yum-config-manager --save --setopt=<repoid>.skip_if_unavailable=true

Cannot find a valid baseurl for repo: base/7/x86_64
[0mCould not retrieve mirrorlist http://mirrorlist.centos.org/?release=7&arch=x86_64&repo=os&infra=container error was
12: Timeout on http://mirrorlist.centos.org/?release=7&arch=x86_64&repo=os&infra=container: (28, 'Resolving timed out after 30542 milliseconds')
STDERR: The command '/bin/sh -c yum install -y sudo openssh-server openssh-clients which curl' returned a non-zero code: 1
---- End output of docker -H unix:///var/run/docker.sock build -f Dockerfile-kitchen20190102-28698-t3afgm . ----
Ran docker -H unix:///var/run/docker.sock build -f Dockerfile-kitchen20190102-28698-t3afgm . returned 1] on nitrogen-centos
>>>>>>     Failed to complete #create action: [Expected process to exit with [0], but received '1'
---- Begin output of docker -H unix:///var/run/docker.sock build -f Dockerfile-kitchen20190102-28698-1fzhvog . ----
STDOUT: Sending build context to Docker daemon  109.1kB
Step 1/16 : FROM centos
 ---> 1e1148e4cc2c
Step 2/16 : ENV container docker
 ---> Using cache
 ---> 556ae5bd518c
Step 3/16 : RUN yum clean all
 ---> Using cache
 ---> a9893dc37f4a
Step 4/16 : RUN yum install -y sudo openssh-server openssh-clients which curl
 ---> Running in da1b56c4401d
Loaded plugins: fastestmirror, ovl
Determining fastest mirrors
[91m

 One of the configured repositories failed (Unknown),
 and yum doesn't have enough cached data to continue. At this point the only
 safe thing yum can do is fail. There are a few ways to work "fix" this:

     1. Contact the upstream for the repository and get them to fix the problem.

     2. Reconfigure the baseurl/etc. for the repository, to point to a working
        upstream. This is most often useful if you are using a newer
        distribution release than is supported by the repository (and the
        packages for the previous distribution release still work).

     3. Run the command with the repository temporarily disabled
            yum --disablerepo=<repoid> ...

     4. Disable the repository permanently, so yum won't use it by default. Yum
        will then just ignore the repository until you permanently enable it
        again or use --enablerepo for temporary usage:

            yum-config-manager --disable <repoid>
        or
            subscription-manager repos --disable=<repoid>

     5. Configure the failing repository to be skipped, if it is unavailable.
        Note that yum will try to contact the repo. when it runs most commands,
        so will have to try and fail each time (and thus. yum will be be much
        slower). If it is a very temporary problem though, this is often a nice
        compromise:

            yum-config-manager --save --setopt=<repoid>.skip_if_unavailable=true

Cannot find a valid baseurl for repo: base/7/x86_64
[0mCould not retrieve mirrorlist http://mirrorlist.centos.org/?release=7&arch=x86_64&repo=os&infra=container error was
12: Timeout on http://mirrorlist.centos.org/?release=7&arch=x86_64&repo=os&infra=container: (28, 'Resolving timed out after 30542 milliseconds')
STDERR: The command '/bin/sh -c yum install -y sudo openssh-server openssh-clients which curl' returned a non-zero code: 1
---- End output of docker -H unix:///var/run/docker.sock build -f Dockerfile-kitchen20190102-28698-1fzhvog . ----
Ran docker -H unix:///var/run/docker.sock build -f Dockerfile-kitchen20190102-28698-1fzhvog . returned 1] on carbon-centos
E, [2019-01-02T22:33:41.399195 #28698] ERROR -- Kitchen: ----------------------
E, [2019-01-02T22:33:41.399205 #28698] ERROR -- Kitchen: ------Backtrace-------
E, [2019-01-02T22:33:41.399215 #28698] ERROR -- Kitchen: /home/kevin/.rvm/gems/ruby-2.5.3/gems/test-kitchen-1.24.0/lib/kitchen/command.rb:183:in `report_errors'
E, [2019-01-02T22:33:41.399223 #28698] ERROR -- Kitchen: /home/kevin/.rvm/gems/ruby-2.5.3/gems/test-kitchen-1.24.0/lib/kitchen/command.rb:174:in `run_action'
E, [2019-01-02T22:33:41.399231 #28698] ERROR -- Kitchen: /home/kevin/.rvm/gems/ruby-2.5.3/gems/test-kitchen-1.24.0/lib/kitchen/command/action.rb:36:in `block in call'
E, [2019-01-02T22:33:41.399239 #28698] ERROR -- Kitchen: /home/kevin/.rvm/rubies/ruby-2.5.3/lib/ruby/2.5.0/benchmark.rb:293:in `measure'
E, [2019-01-02T22:33:41.399248 #28698] ERROR -- Kitchen: /home/kevin/.rvm/gems/ruby-2.5.3/gems/test-kitchen-1.24.0/lib/kitchen/command/action.rb:34:in `call'
E, [2019-01-02T22:33:41.399256 #28698] ERROR -- Kitchen: /home/kevin/.rvm/gems/ruby-2.5.3/gems/test-kitchen-1.24.0/lib/kitchen/cli.rb:52:in `perform'
E, [2019-01-02T22:33:41.399264 #28698] ERROR -- Kitchen: /home/kevin/.rvm/gems/ruby-2.5.3/gems/test-kitchen-1.24.0/lib/kitchen/cli.rb:193:in `block (2 levels) in <class:CLI>'
E, [2019-01-02T22:33:41.399272 #28698] ERROR -- Kitchen: /home/kevin/.rvm/gems/ruby-2.5.3/gems/thor-0.20.3/lib/thor/command.rb:27:in `run'
E, [2019-01-02T22:33:41.399280 #28698] ERROR -- Kitchen: /home/kevin/.rvm/gems/ruby-2.5.3/gems/thor-0.20.3/lib/thor/invocation.rb:126:in `invoke_command'
E, [2019-01-02T22:33:41.399288 #28698] ERROR -- Kitchen: /home/kevin/.rvm/gems/ruby-2.5.3/gems/thor-0.20.3/lib/thor.rb:387:in `dispatch'
E, [2019-01-02T22:33:41.399296 #28698] ERROR -- Kitchen: /home/kevin/.rvm/gems/ruby-2.5.3/gems/thor-0.20.3/lib/thor/base.rb:466:in `start'
E, [2019-01-02T22:33:41.399307 #28698] ERROR -- Kitchen: /home/kevin/.rvm/gems/ruby-2.5.3/gems/test-kitchen-1.24.0/bin/kitchen:13:in `block in <top (required)>'
E, [2019-01-02T22:33:41.399316 #28698] ERROR -- Kitchen: /home/kevin/.rvm/gems/ruby-2.5.3/gems/test-kitchen-1.24.0/lib/kitchen/errors.rb:171:in `with_friendly_errors'
E, [2019-01-02T22:33:41.399324 #28698] ERROR -- Kitchen: /home/kevin/.rvm/gems/ruby-2.5.3/gems/test-kitchen-1.24.0/bin/kitchen:13:in `<top (required)>'
E, [2019-01-02T22:33:41.399333 #28698] ERROR -- Kitchen: /home/kevin/.rvm/gems/ruby-2.5.3/bin/kitchen:23:in `load'
E, [2019-01-02T22:33:41.399342 #28698] ERROR -- Kitchen: /home/kevin/.rvm/gems/ruby-2.5.3/bin/kitchen:23:in `<main>'
E, [2019-01-02T22:33:41.399350 #28698] ERROR -- Kitchen: /home/kevin/.rvm/gems/ruby-2.5.3/bin/ruby_executable_hooks:24:in `eval'
E, [2019-01-02T22:33:41.399358 #28698] ERROR -- Kitchen: /home/kevin/.rvm/gems/ruby-2.5.3/bin/ruby_executable_hooks:24:in `<main>'
E, [2019-01-02T22:33:41.399368 #28698] ERROR -- Kitchen: ----End Backtrace-----
E, [2019-01-02T22:33:41.399375 #28698] ERROR -- Kitchen: -Composite Exception--
E, [2019-01-02T22:33:41.399383 #28698] ERROR -- Kitchen: Class: Kitchen::ActionFailed
E, [2019-01-02T22:33:41.399391 #28698] ERROR -- Kitchen: Message: Failed to complete #create action: [Expected process to exit with [0], but received '1'
---- Begin output of docker -H unix:///var/run/docker.sock build -f Dockerfile-kitchen20190102-28698-t3afgm . ----
STDOUT: Sending build context to Docker daemon  87.04kB
Step 1/16 : FROM centos
latest: Pulling from library/centos
a02a4930cb5d: Pulling fs layer
a02a4930cb5d: Verifying Checksum
a02a4930cb5d: Download complete
a02a4930cb5d: Pull complete
Digest: sha256:184e5f35598e333bfa7de10d8fb1cebb5ee4df5bc0f970bf2b1e7c7345136426
Status: Downloaded newer image for centos:latest
 ---> 1e1148e4cc2c
Step 2/16 : ENV container docker
 ---> Running in b2ba03ce6f72
Removing intermediate container b2ba03ce6f72
 ---> 556ae5bd518c
Step 3/16 : RUN yum clean all
 ---> Running in e505ed14c3f6
Loaded plugins: fastestmirror, ovl
Cleaning repos: base extras updates
Removing intermediate container e505ed14c3f6
 ---> a9893dc37f4a
Step 4/16 : RUN yum install -y sudo openssh-server openssh-clients which curl
 ---> Running in a9b15d639cea
Loaded plugins: fastestmirror, ovl
Determining fastest mirrors
[91m

 One of the configured repositories failed (Unknown),
 and yum doesn't have enough cached data to continue. At this point the only
 safe thing yum can do is fail. There are a few ways to work "fix" this:

     1. Contact the upstream for the repository and get them to fix the problem.

     2. Reconfigure the baseurl/etc. for the repository, to point to a working
        upstream. This is most often useful if you are using a newer
        distribution release than is supported by the repository (and the
        packages for the previous distribution release still work).

     3. Run the command with the repository temporarily disabled
            yum --disablerepo=<repoid> ...

     4. Disable the repository permanently, so yum won't use it by default. Yum
        will then just ignore the repository until you permanently enable it
        again or use --enablerepo for temporary usage:

            yum-config-manager --disable <repoid>
        or
            subscription-manager repos --disable=<repoid>

     5. Configure the failing repository to be skipped, if it is unavailable.
        Note that yum will try to contact the repo. when it runs most commands,
        so will have to try and fail each time (and thus. yum will be be much
        slower). If it is a very temporary problem though, this is often a nice
        compromise:

            yum-config-manager --save --setopt=<repoid>.skip_if_unavailable=true

Cannot find a valid baseurl for repo: base/7/x86_64
[0mCould not retrieve mirrorlist http://mirrorlist.centos.org/?release=7&arch=x86_64&repo=os&infra=container error was
12: Timeout on http://mirrorlist.centos.org/?release=7&arch=x86_64&repo=os&infra=container: (28, 'Resolving timed out after 30542 milliseconds')
STDERR: The command '/bin/sh -c yum install -y sudo openssh-server openssh-clients which curl' returned a non-zero code: 1
---- End output of docker -H unix:///var/run/docker.sock build -f Dockerfile-kitchen20190102-28698-t3afgm . ----
Ran docker -H unix:///var/run/docker.sock build -f Dockerfile-kitchen20190102-28698-t3afgm . returned 1] on nitrogen-centos
E, [2019-01-02T22:33:41.399402 #28698] ERROR -- Kitchen: ----------------------
E, [2019-01-02T22:33:41.399411 #28698] ERROR -- Kitchen: ------Backtrace-------
E, [2019-01-02T22:33:41.399418 #28698] ERROR -- Kitchen: /home/kevin/.rvm/gems/ruby-2.5.3/gems/test-kitchen-1.24.0/lib/kitchen/shell_out.rb:71:in `rescue in run_command'
E, [2019-01-02T22:33:41.399426 #28698] ERROR -- Kitchen: /home/kevin/.rvm/gems/ruby-2.5.3/gems/test-kitchen-1.24.0/lib/kitchen/shell_out.rb:58:in `run_command'
E, [2019-01-02T22:33:41.399434 #28698] ERROR -- Kitchen: /home/kevin/.rvm/gems/ruby-2.5.3/gems/kitchen-docker-2.7.0/lib/kitchen/driver/docker.rb:156:in `docker_command'
E, [2019-01-02T22:33:41.399442 #28698] ERROR -- Kitchen: /home/kevin/.rvm/gems/ruby-2.5.3/gems/kitchen-docker-2.7.0/lib/kitchen/driver/docker.rb:314:in `build_image'
E, [2019-01-02T22:33:41.399450 #28698] ERROR -- Kitchen: /home/kevin/.rvm/gems/ruby-2.5.3/gems/kitchen-docker-2.7.0/lib/kitchen/driver/docker.rb:120:in `create'
E, [2019-01-02T22:33:41.399459 #28698] ERROR -- Kitchen: /home/kevin/.rvm/gems/ruby-2.5.3/gems/test-kitchen-1.24.0/lib/kitchen/instance.rb:484:in `public_send'
E, [2019-01-02T22:33:41.399467 #28698] ERROR -- Kitchen: /home/kevin/.rvm/gems/ruby-2.5.3/gems/test-kitchen-1.24.0/lib/kitchen/instance.rb:484:in `block in perform_action'
E, [2019-01-02T22:33:41.399475 #28698] ERROR -- Kitchen: /home/kevin/.rvm/gems/ruby-2.5.3/gems/test-kitchen-1.24.0/lib/kitchen/instance.rb:551:in `synchronize_or_call'
E, [2019-01-02T22:33:41.399483 #28698] ERROR -- Kitchen: /home/kevin/.rvm/gems/ruby-2.5.3/gems/test-kitchen-1.24.0/lib/kitchen/instance.rb:513:in `block in action'
E, [2019-01-02T22:33:41.399491 #28698] ERROR -- Kitchen: /home/kevin/.rvm/rubies/ruby-2.5.3/lib/ruby/2.5.0/benchmark.rb:293:in `measure'
E, [2019-01-02T22:33:41.399499 #28698] ERROR -- Kitchen: /home/kevin/.rvm/gems/ruby-2.5.3/gems/test-kitchen-1.24.0/lib/kitchen/instance.rb:512:in `action'
E, [2019-01-02T22:33:41.399507 #28698] ERROR -- Kitchen: /home/kevin/.rvm/gems/ruby-2.5.3/gems/test-kitchen-1.24.0/lib/kitchen/instance.rb:484:in `perform_action'
E, [2019-01-02T22:33:41.399515 #28698] ERROR -- Kitchen: /home/kevin/.rvm/gems/ruby-2.5.3/gems/test-kitchen-1.24.0/lib/kitchen/instance.rb:394:in `create_action'
E, [2019-01-02T22:33:41.399524 #28698] ERROR -- Kitchen: /home/kevin/.rvm/gems/ruby-2.5.3/gems/test-kitchen-1.24.0/lib/kitchen/instance.rb:382:in `block (2 levels) in transition_to'
E, [2019-01-02T22:33:41.399532 #28698] ERROR -- Kitchen: /home/kevin/.rvm/gems/ruby-2.5.3/gems/test-kitchen-1.24.0/lib/kitchen/lifecycle_hooks.rb:45:in `run_with_hooks'
E, [2019-01-02T22:33:41.399540 #28698] ERROR -- Kitchen: /home/kevin/.rvm/gems/ruby-2.5.3/gems/test-kitchen-1.24.0/lib/kitchen/instance.rb:381:in `block in transition_to'
E, [2019-01-02T22:33:41.399548 #28698] ERROR -- Kitchen: /home/kevin/.rvm/gems/ruby-2.5.3/gems/test-kitchen-1.24.0/lib/kitchen/instance.rb:380:in `each'
E, [2019-01-02T22:33:41.399557 #28698] ERROR -- Kitchen: /home/kevin/.rvm/gems/ruby-2.5.3/gems/test-kitchen-1.24.0/lib/kitchen/instance.rb:380:in `transition_to'
E, [2019-01-02T22:33:41.399565 #28698] ERROR -- Kitchen: /home/kevin/.rvm/gems/ruby-2.5.3/gems/test-kitchen-1.24.0/lib/kitchen/instance.rb:129:in `create'
E, [2019-01-02T22:33:41.399574 #28698] ERROR -- Kitchen: /home/kevin/.rvm/gems/ruby-2.5.3/gems/test-kitchen-1.24.0/lib/kitchen/command.rb:197:in `public_send'
E, [2019-01-02T22:33:41.399582 #28698] ERROR -- Kitchen: /home/kevin/.rvm/gems/ruby-2.5.3/gems/test-kitchen-1.24.0/lib/kitchen/command.rb:197:in `run_action_in_thread'
E, [2019-01-02T22:33:41.399593 #28698] ERROR -- Kitchen: /home/kevin/.rvm/gems/ruby-2.5.3/gems/test-kitchen-1.24.0/lib/kitchen/command.rb:169:in `block (2 levels) in run_action'
E, [2019-01-02T22:33:41.399603 #28698] ERROR -- Kitchen: ----End Backtrace-----
E, [2019-01-02T22:33:41.399646 #28698] ERROR -- Kitchen: ---Nested Exception---
E, [2019-01-02T22:33:41.399655 #28698] ERROR -- Kitchen: Class: Kitchen::ActionFailed
E, [2019-01-02T22:33:41.399664 #28698] ERROR -- Kitchen: Message: Failed to complete #create action: [Expected process to exit with [0], but received '1'
---- Begin output of docker -H unix:///var/run/docker.sock build -f Dockerfile-kitchen20190102-28698-t3afgm . ----
STDOUT: Sending build context to Docker daemon  87.04kB
Step 1/16 : FROM centos
latest: Pulling from library/centos
a02a4930cb5d: Pulling fs layer
a02a4930cb5d: Verifying Checksum
a02a4930cb5d: Download complete
a02a4930cb5d: Pull complete
Digest: sha256:184e5f35598e333bfa7de10d8fb1cebb5ee4df5bc0f970bf2b1e7c7345136426
Status: Downloaded newer image for centos:latest
 ---> 1e1148e4cc2c
Step 2/16 : ENV container docker
 ---> Running in b2ba03ce6f72
Removing intermediate container b2ba03ce6f72
 ---> 556ae5bd518c
Step 3/16 : RUN yum clean all
 ---> Running in e505ed14c3f6
Loaded plugins: fastestmirror, ovl
Cleaning repos: base extras updates
Removing intermediate container e505ed14c3f6
 ---> a9893dc37f4a
Step 4/16 : RUN yum install -y sudo openssh-server openssh-clients which curl
 ---> Running in a9b15d639cea
Loaded plugins: fastestmirror, ovl
Determining fastest mirrors
[91m

 One of the configured repositories failed (Unknown),
 and yum doesn't have enough cached data to continue. At this point the only
 safe thing yum can do is fail. There are a few ways to work "fix" this:

     1. Contact the upstream for the repository and get them to fix the problem.

     2. Reconfigure the baseurl/etc. for the repository, to point to a working
        upstream. This is most often useful if you are using a newer
        distribution release than is supported by the repository (and the
        packages for the previous distribution release still work).

     3. Run the command with the repository temporarily disabled
            yum --disablerepo=<repoid> ...

     4. Disable the repository permanently, so yum won't use it by default. Yum
        will then just ignore the repository until you permanently enable it
        again or use --enablerepo for temporary usage:

            yum-config-manager --disable <repoid>
        or
            subscription-manager repos --disable=<repoid>

     5. Configure the failing repository to be skipped, if it is unavailable.
        Note that yum will try to contact the repo. when it runs most commands,
        so will have to try and fail each time (and thus. yum will be be much
        slower). If it is a very temporary problem though, this is often a nice
        compromise:

            yum-config-manager --save --setopt=<repoid>.skip_if_unavailable=true

Cannot find a valid baseurl for repo: base/7/x86_64
[0mCould not retrieve mirrorlist http://mirrorlist.centos.org/?release=7&arch=x86_64&repo=os&infra=container error was
12: Timeout on http://mirrorlist.centos.org/?release=7&arch=x86_64&repo=os&infra=container: (28, 'Resolving timed out after 30542 milliseconds')
STDERR: The command '/bin/sh -c yum install -y sudo openssh-server openssh-clients which curl' returned a non-zero code: 1
---- End output of docker -H unix:///var/run/docker.sock build -f Dockerfile-kitchen20190102-28698-t3afgm . ----
Ran docker -H unix:///var/run/docker.sock build -f Dockerfile-kitchen20190102-28698-t3afgm . returned 1]
E, [2019-01-02T22:33:41.399673 #28698] ERROR -- Kitchen: ----------------------
E, [2019-01-02T22:33:41.399680 #28698] ERROR -- Kitchen: ------Backtrace-------
E, [2019-01-02T22:33:41.399688 #28698] ERROR -- Kitchen: /home/kevin/.rvm/gems/ruby-2.5.3/gems/test-kitchen-1.24.0/lib/kitchen/shell_out.rb:71:in `rescue in run_command'
E, [2019-01-02T22:33:41.399697 #28698] ERROR -- Kitchen: /home/kevin/.rvm/gems/ruby-2.5.3/gems/test-kitchen-1.24.0/lib/kitchen/shell_out.rb:58:in `run_command'
E, [2019-01-02T22:33:41.399708 #28698] ERROR -- Kitchen: /home/kevin/.rvm/gems/ruby-2.5.3/gems/kitchen-docker-2.7.0/lib/kitchen/driver/docker.rb:156:in `docker_command'
E, [2019-01-02T22:33:41.399716 #28698] ERROR -- Kitchen: /home/kevin/.rvm/gems/ruby-2.5.3/gems/kitchen-docker-2.7.0/lib/kitchen/driver/docker.rb:314:in `build_image'
E, [2019-01-02T22:33:41.399725 #28698] ERROR -- Kitchen: /home/kevin/.rvm/gems/ruby-2.5.3/gems/kitchen-docker-2.7.0/lib/kitchen/driver/docker.rb:120:in `create'
E, [2019-01-02T22:33:41.399733 #28698] ERROR -- Kitchen: /home/kevin/.rvm/gems/ruby-2.5.3/gems/test-kitchen-1.24.0/lib/kitchen/instance.rb:484:in `public_send'
E, [2019-01-02T22:33:41.399741 #28698] ERROR -- Kitchen: /home/kevin/.rvm/gems/ruby-2.5.3/gems/test-kitchen-1.24.0/lib/kitchen/instance.rb:484:in `block in perform_action'
E, [2019-01-02T22:33:41.399749 #28698] ERROR -- Kitchen: /home/kevin/.rvm/gems/ruby-2.5.3/gems/test-kitchen-1.24.0/lib/kitchen/instance.rb:551:in `synchronize_or_call'
E, [2019-01-02T22:33:41.399757 #28698] ERROR -- Kitchen: /home/kevin/.rvm/gems/ruby-2.5.3/gems/test-kitchen-1.24.0/lib/kitchen/instance.rb:513:in `block in action'
E, [2019-01-02T22:33:41.399766 #28698] ERROR -- Kitchen: /home/kevin/.rvm/rubies/ruby-2.5.3/lib/ruby/2.5.0/benchmark.rb:293:in `measure'
E, [2019-01-02T22:33:41.399774 #28698] ERROR -- Kitchen: /home/kevin/.rvm/gems/ruby-2.5.3/gems/test-kitchen-1.24.0/lib/kitchen/instance.rb:512:in `action'
E, [2019-01-02T22:33:41.399782 #28698] ERROR -- Kitchen: /home/kevin/.rvm/gems/ruby-2.5.3/gems/test-kitchen-1.24.0/lib/kitchen/instance.rb:484:in `perform_action'
E, [2019-01-02T22:33:41.399790 #28698] ERROR -- Kitchen: /home/kevin/.rvm/gems/ruby-2.5.3/gems/test-kitchen-1.24.0/lib/kitchen/instance.rb:394:in `create_action'
E, [2019-01-02T22:33:41.399798 #28698] ERROR -- Kitchen: /home/kevin/.rvm/gems/ruby-2.5.3/gems/test-kitchen-1.24.0/lib/kitchen/instance.rb:382:in `block (2 levels) in transition_to'
E, [2019-01-02T22:33:41.399806 #28698] ERROR -- Kitchen: /home/kevin/.rvm/gems/ruby-2.5.3/gems/test-kitchen-1.24.0/lib/kitchen/lifecycle_hooks.rb:45:in `run_with_hooks'
E, [2019-01-02T22:33:41.399814 #28698] ERROR -- Kitchen: /home/kevin/.rvm/gems/ruby-2.5.3/gems/test-kitchen-1.24.0/lib/kitchen/instance.rb:381:in `block in transition_to'
E, [2019-01-02T22:33:41.399822 #28698] ERROR -- Kitchen: /home/kevin/.rvm/gems/ruby-2.5.3/gems/test-kitchen-1.24.0/lib/kitchen/instance.rb:380:in `each'
E, [2019-01-02T22:33:41.399830 #28698] ERROR -- Kitchen: /home/kevin/.rvm/gems/ruby-2.5.3/gems/test-kitchen-1.24.0/lib/kitchen/instance.rb:380:in `transition_to'
E, [2019-01-02T22:33:41.399838 #28698] ERROR -- Kitchen: /home/kevin/.rvm/gems/ruby-2.5.3/gems/test-kitchen-1.24.0/lib/kitchen/instance.rb:129:in `create'
E, [2019-01-02T22:33:41.399846 #28698] ERROR -- Kitchen: /home/kevin/.rvm/gems/ruby-2.5.3/gems/test-kitchen-1.24.0/lib/kitchen/command.rb:197:in `public_send'
E, [2019-01-02T22:33:41.399854 #28698] ERROR -- Kitchen: /home/kevin/.rvm/gems/ruby-2.5.3/gems/test-kitchen-1.24.0/lib/kitchen/command.rb:197:in `run_action_in_thread'
E, [2019-01-02T22:33:41.399862 #28698] ERROR -- Kitchen: /home/kevin/.rvm/gems/ruby-2.5.3/gems/test-kitchen-1.24.0/lib/kitchen/command.rb:169:in `block (2 levels) in run_action'
E, [2019-01-02T22:33:41.399870 #28698] ERROR -- Kitchen: ----End Backtrace-----
E, [2019-01-02T22:33:41.399878 #28698] ERROR -- Kitchen: -Composite Exception--
E, [2019-01-02T22:33:41.399886 #28698] ERROR -- Kitchen: Class: Kitchen::ActionFailed
E, [2019-01-02T22:33:41.399894 #28698] ERROR -- Kitchen: Message: Failed to complete #create action: [Expected process to exit with [0], but received '1'
---- Begin output of docker -H unix:///var/run/docker.sock build -f Dockerfile-kitchen20190102-28698-1fzhvog . ----
STDOUT: Sending build context to Docker daemon  109.1kB
Step 1/16 : FROM centos
 ---> 1e1148e4cc2c
Step 2/16 : ENV container docker
 ---> Using cache
 ---> 556ae5bd518c
Step 3/16 : RUN yum clean all
 ---> Using cache
 ---> a9893dc37f4a
Step 4/16 : RUN yum install -y sudo openssh-server openssh-clients which curl
 ---> Running in da1b56c4401d
Loaded plugins: fastestmirror, ovl
Determining fastest mirrors
[91m

 One of the configured repositories failed (Unknown),
 and yum doesn't have enough cached data to continue. At this point the only
 safe thing yum can do is fail. There are a few ways to work "fix" this:

     1. Contact the upstream for the repository and get them to fix the problem.

     2. Reconfigure the baseurl/etc. for the repository, to point to a working
        upstream. This is most often useful if you are using a newer
        distribution release than is supported by the repository (and the
        packages for the previous distribution release still work).

     3. Run the command with the repository temporarily disabled
            yum --disablerepo=<repoid> ...

     4. Disable the repository permanently, so yum won't use it by default. Yum
        will then just ignore the repository until you permanently enable it
        again or use --enablerepo for temporary usage:

            yum-config-manager --disable <repoid>
        or
            subscription-manager repos --disable=<repoid>

     5. Configure the failing repository to be skipped, if it is unavailable.
        Note that yum will try to contact the repo. when it runs most commands,
        so will have to try and fail each time (and thus. yum will be be much
        slower). If it is a very temporary problem though, this is often a nice
        compromise:

            yum-config-manager --save --setopt=<repoid>.skip_if_unavailable=true

Cannot find a valid baseurl for repo: base/7/x86_64
[0mCould not retrieve mirrorlist http://mirrorlist.centos.org/?release=7&arch=x86_64&repo=os&infra=container error was
12: Timeout on http://mirrorlist.centos.org/?release=7&arch=x86_64&repo=os&infra=container: (28, 'Resolving timed out after 30542 milliseconds')
STDERR: The command '/bin/sh -c yum install -y sudo openssh-server openssh-clients which curl' returned a non-zero code: 1
---- End output of docker -H unix:///var/run/docker.sock build -f Dockerfile-kitchen20190102-28698-1fzhvog . ----
Ran docker -H unix:///var/run/docker.sock build -f Dockerfile-kitchen20190102-28698-1fzhvog . returned 1] on carbon-centos
E, [2019-01-02T22:33:41.399905 #28698] ERROR -- Kitchen: ----------------------
E, [2019-01-02T22:33:41.399914 #28698] ERROR -- Kitchen: ------Backtrace-------
E, [2019-01-02T22:33:41.399921 #28698] ERROR -- Kitchen: /home/kevin/.rvm/gems/ruby-2.5.3/gems/test-kitchen-1.24.0/lib/kitchen/shell_out.rb:71:in `rescue in run_command'
E, [2019-01-02T22:33:41.399930 #28698] ERROR -- Kitchen: /home/kevin/.rvm/gems/ruby-2.5.3/gems/test-kitchen-1.24.0/lib/kitchen/shell_out.rb:58:in `run_command'
E, [2019-01-02T22:33:41.399938 #28698] ERROR -- Kitchen: /home/kevin/.rvm/gems/ruby-2.5.3/gems/kitchen-docker-2.7.0/lib/kitchen/driver/docker.rb:156:in `docker_command'
E, [2019-01-02T22:33:41.399946 #28698] ERROR -- Kitchen: /home/kevin/.rvm/gems/ruby-2.5.3/gems/kitchen-docker-2.7.0/lib/kitchen/driver/docker.rb:314:in `build_image'
E, [2019-01-02T22:33:41.399954 #28698] ERROR -- Kitchen: /home/kevin/.rvm/gems/ruby-2.5.3/gems/kitchen-docker-2.7.0/lib/kitchen/driver/docker.rb:120:in `create'
E, [2019-01-02T22:33:41.399962 #28698] ERROR -- Kitchen: /home/kevin/.rvm/gems/ruby-2.5.3/gems/test-kitchen-1.24.0/lib/kitchen/instance.rb:484:in `public_send'
E, [2019-01-02T22:33:41.399970 #28698] ERROR -- Kitchen: /home/kevin/.rvm/gems/ruby-2.5.3/gems/test-kitchen-1.24.0/lib/kitchen/instance.rb:484:in `block in perform_action'
E, [2019-01-02T22:33:41.399978 #28698] ERROR -- Kitchen: /home/kevin/.rvm/gems/ruby-2.5.3/gems/test-kitchen-1.24.0/lib/kitchen/instance.rb:551:in `synchronize_or_call'
E, [2019-01-02T22:33:41.399986 #28698] ERROR -- Kitchen: /home/kevin/.rvm/gems/ruby-2.5.3/gems/test-kitchen-1.24.0/lib/kitchen/instance.rb:513:in `block in action'
E, [2019-01-02T22:33:41.399994 #28698] ERROR -- Kitchen: /home/kevin/.rvm/rubies/ruby-2.5.3/lib/ruby/2.5.0/benchmark.rb:293:in `measure'
E, [2019-01-02T22:33:41.400005 #28698] ERROR -- Kitchen: /home/kevin/.rvm/gems/ruby-2.5.3/gems/test-kitchen-1.24.0/lib/kitchen/instance.rb:512:in `action'
E, [2019-01-02T22:33:41.400014 #28698] ERROR -- Kitchen: /home/kevin/.rvm/gems/ruby-2.5.3/gems/test-kitchen-1.24.0/lib/kitchen/instance.rb:484:in `perform_action'
E, [2019-01-02T22:33:41.400022 #28698] ERROR -- Kitchen: /home/kevin/.rvm/gems/ruby-2.5.3/gems/test-kitchen-1.24.0/lib/kitchen/instance.rb:394:in `create_action'
E, [2019-01-02T22:33:41.400030 #28698] ERROR -- Kitchen: /home/kevin/.rvm/gems/ruby-2.5.3/gems/test-kitchen-1.24.0/lib/kitchen/instance.rb:382:in `block (2 levels) in transition_to'
E, [2019-01-02T22:33:41.400038 #28698] ERROR -- Kitchen: /home/kevin/.rvm/gems/ruby-2.5.3/gems/test-kitchen-1.24.0/lib/kitchen/lifecycle_hooks.rb:45:in `run_with_hooks'
E, [2019-01-02T22:33:41.400046 #28698] ERROR -- Kitchen: /home/kevin/.rvm/gems/ruby-2.5.3/gems/test-kitchen-1.24.0/lib/kitchen/instance.rb:381:in `block in transition_to'
E, [2019-01-02T22:33:41.400054 #28698] ERROR -- Kitchen: /home/kevin/.rvm/gems/ruby-2.5.3/gems/test-kitchen-1.24.0/lib/kitchen/instance.rb:380:in `each'
E, [2019-01-02T22:33:41.400063 #28698] ERROR -- Kitchen: /home/kevin/.rvm/gems/ruby-2.5.3/gems/test-kitchen-1.24.0/lib/kitchen/instance.rb:380:in `transition_to'
E, [2019-01-02T22:33:41.400071 #28698] ERROR -- Kitchen: /home/kevin/.rvm/gems/ruby-2.5.3/gems/test-kitchen-1.24.0/lib/kitchen/instance.rb:129:in `create'
E, [2019-01-02T22:33:41.400079 #28698] ERROR -- Kitchen: /home/kevin/.rvm/gems/ruby-2.5.3/gems/test-kitchen-1.24.0/lib/kitchen/command.rb:197:in `public_send'
E, [2019-01-02T22:33:41.400087 #28698] ERROR -- Kitchen: /home/kevin/.rvm/gems/ruby-2.5.3/gems/test-kitchen-1.24.0/lib/kitchen/command.rb:197:in `run_action_in_thread'
E, [2019-01-02T22:33:41.400096 #28698] ERROR -- Kitchen: /home/kevin/.rvm/gems/ruby-2.5.3/gems/test-kitchen-1.24.0/lib/kitchen/command.rb:169:in `block (2 levels) in run_action'
E, [2019-01-02T22:33:41.400104 #28698] ERROR -- Kitchen: ----End Backtrace-----
E, [2019-01-02T22:33:41.400112 #28698] ERROR -- Kitchen: ---Nested Exception---
E, [2019-01-02T22:33:41.400120 #28698] ERROR -- Kitchen: Class: Kitchen::ActionFailed
E, [2019-01-02T22:33:41.400127 #28698] ERROR -- Kitchen: Message: Failed to complete #create action: [Expected process to exit with [0], but received '1'
---- Begin output of docker -H unix:///var/run/docker.sock build -f Dockerfile-kitchen20190102-28698-1fzhvog . ----
STDOUT: Sending build context to Docker daemon  109.1kB
Step 1/16 : FROM centos
 ---> 1e1148e4cc2c
Step 2/16 : ENV container docker
 ---> Using cache
 ---> 556ae5bd518c
Step 3/16 : RUN yum clean all
 ---> Using cache
 ---> a9893dc37f4a
Step 4/16 : RUN yum install -y sudo openssh-server openssh-clients which curl
 ---> Running in da1b56c4401d
Loaded plugins: fastestmirror, ovl
Determining fastest mirrors
[91m

 One of the configured repositories failed (Unknown),
 and yum doesn't have enough cached data to continue. At this point the only
 safe thing yum can do is fail. There are a few ways to work "fix" this:

     1. Contact the upstream for the repository and get them to fix the problem.

     2. Reconfigure the baseurl/etc. for the repository, to point to a working
        upstream. This is most often useful if you are using a newer
        distribution release than is supported by the repository (and the
        packages for the previous distribution release still work).

     3. Run the command with the repository temporarily disabled
            yum --disablerepo=<repoid> ...

     4. Disable the repository permanently, so yum won't use it by default. Yum
        will then just ignore the repository until you permanently enable it
        again or use --enablerepo for temporary usage:

            yum-config-manager --disable <repoid>
        or
            subscription-manager repos --disable=<repoid>

     5. Configure the failing repository to be skipped, if it is unavailable.
        Note that yum will try to contact the repo. when it runs most commands,
        so will have to try and fail each time (and thus. yum will be be much
        slower). If it is a very temporary problem though, this is often a nice
        compromise:

            yum-config-manager --save --setopt=<repoid>.skip_if_unavailable=true

Cannot find a valid baseurl for repo: base/7/x86_64
[0mCould not retrieve mirrorlist http://mirrorlist.centos.org/?release=7&arch=x86_64&repo=os&infra=container error was
12: Timeout on http://mirrorlist.centos.org/?release=7&arch=x86_64&repo=os&infra=container: (28, 'Resolving timed out after 30542 milliseconds')
STDERR: The command '/bin/sh -c yum install -y sudo openssh-server openssh-clients which curl' returned a non-zero code: 1
---- End output of docker -H unix:///var/run/docker.sock build -f Dockerfile-kitchen20190102-28698-1fzhvog . ----
Ran docker -H unix:///var/run/docker.sock build -f Dockerfile-kitchen20190102-28698-1fzhvog . returned 1]
E, [2019-01-02T22:33:41.400139 #28698] ERROR -- Kitchen: ----------------------
E, [2019-01-02T22:33:41.400148 #28698] ERROR -- Kitchen: ------Backtrace-------
E, [2019-01-02T22:33:41.400155 #28698] ERROR -- Kitchen: /home/kevin/.rvm/gems/ruby-2.5.3/gems/test-kitchen-1.24.0/lib/kitchen/shell_out.rb:71:in `rescue in run_command'
E, [2019-01-02T22:33:41.400164 #28698] ERROR -- Kitchen: /home/kevin/.rvm/gems/ruby-2.5.3/gems/test-kitchen-1.24.0/lib/kitchen/shell_out.rb:58:in `run_command'
E, [2019-01-02T22:33:41.400172 #28698] ERROR -- Kitchen: /home/kevin/.rvm/gems/ruby-2.5.3/gems/kitchen-docker-2.7.0/lib/kitchen/driver/docker.rb:156:in `docker_command'
E, [2019-01-02T22:33:41.400180 #28698] ERROR -- Kitchen: /home/kevin/.rvm/gems/ruby-2.5.3/gems/kitchen-docker-2.7.0/lib/kitchen/driver/docker.rb:314:in `build_image'
E, [2019-01-02T22:33:41.400188 #28698] ERROR -- Kitchen: /home/kevin/.rvm/gems/ruby-2.5.3/gems/kitchen-docker-2.7.0/lib/kitchen/driver/docker.rb:120:in `create'
E, [2019-01-02T22:33:41.400196 #28698] ERROR -- Kitchen: /home/kevin/.rvm/gems/ruby-2.5.3/gems/test-kitchen-1.24.0/lib/kitchen/instance.rb:484:in `public_send'
E, [2019-01-02T22:33:41.400204 #28698] ERROR -- Kitchen: /home/kevin/.rvm/gems/ruby-2.5.3/gems/test-kitchen-1.24.0/lib/kitchen/instance.rb:484:in `block in perform_action'
E, [2019-01-02T22:33:41.400212 #28698] ERROR -- Kitchen: /home/kevin/.rvm/gems/ruby-2.5.3/gems/test-kitchen-1.24.0/lib/kitchen/instance.rb:551:in `synchronize_or_call'
E, [2019-01-02T22:33:41.400221 #28698] ERROR -- Kitchen: /home/kevin/.rvm/gems/ruby-2.5.3/gems/test-kitchen-1.24.0/lib/kitchen/instance.rb:513:in `block in action'
E, [2019-01-02T22:33:41.400229 #28698] ERROR -- Kitchen: /home/kevin/.rvm/rubies/ruby-2.5.3/lib/ruby/2.5.0/benchmark.rb:293:in `measure'
E, [2019-01-02T22:33:41.400237 #28698] ERROR -- Kitchen: /home/kevin/.rvm/gems/ruby-2.5.3/gems/test-kitchen-1.24.0/lib/kitchen/instance.rb:512:in `action'
E, [2019-01-02T22:33:41.400245 #28698] ERROR -- Kitchen: /home/kevin/.rvm/gems/ruby-2.5.3/gems/test-kitchen-1.24.0/lib/kitchen/instance.rb:484:in `perform_action'
E, [2019-01-02T22:33:41.400253 #28698] ERROR -- Kitchen: /home/kevin/.rvm/gems/ruby-2.5.3/gems/test-kitchen-1.24.0/lib/kitchen/instance.rb:394:in `create_action'
E, [2019-01-02T22:33:41.400261 #28698] ERROR -- Kitchen: /home/kevin/.rvm/gems/ruby-2.5.3/gems/test-kitchen-1.24.0/lib/kitchen/instance.rb:382:in `block (2 levels) in transition_to'
E, [2019-01-02T22:33:41.400269 #28698] ERROR -- Kitchen: /home/kevin/.rvm/gems/ruby-2.5.3/gems/test-kitchen-1.24.0/lib/kitchen/lifecycle_hooks.rb:45:in `run_with_hooks'
E, [2019-01-02T22:33:41.400277 #28698] ERROR -- Kitchen: /home/kevin/.rvm/gems/ruby-2.5.3/gems/test-kitchen-1.24.0/lib/kitchen/instance.rb:381:in `block in transition_to'
E, [2019-01-02T22:33:41.400285 #28698] ERROR -- Kitchen: /home/kevin/.rvm/gems/ruby-2.5.3/gems/test-kitchen-1.24.0/lib/kitchen/instance.rb:380:in `each'
E, [2019-01-02T22:33:41.400293 #28698] ERROR -- Kitchen: /home/kevin/.rvm/gems/ruby-2.5.3/gems/test-kitchen-1.24.0/lib/kitchen/instance.rb:380:in `transition_to'
E, [2019-01-02T22:33:41.400301 #28698] ERROR -- Kitchen: /home/kevin/.rvm/gems/ruby-2.5.3/gems/test-kitchen-1.24.0/lib/kitchen/instance.rb:129:in `create'
E, [2019-01-02T22:33:41.400312 #28698] ERROR -- Kitchen: /home/kevin/.rvm/gems/ruby-2.5.3/gems/test-kitchen-1.24.0/lib/kitchen/command.rb:197:in `public_send'
E, [2019-01-02T22:33:41.400320 #28698] ERROR -- Kitchen: /home/kevin/.rvm/gems/ruby-2.5.3/gems/test-kitchen-1.24.0/lib/kitchen/command.rb:197:in `run_action_in_thread'
E, [2019-01-02T22:33:41.400328 #28698] ERROR -- Kitchen: /home/kevin/.rvm/gems/ruby-2.5.3/gems/test-kitchen-1.24.0/lib/kitchen/command.rb:169:in `block (2 levels) in run_action'
E, [2019-01-02T22:33:41.400348 #28698] ERROR -- Kitchen: ----End Backtrace-----
